c:\users\itf\desktop\projects\19112015-3\funfando loucao\project1\debug\vc140.pdb
c:\users\itf\desktop\projects\19112015-3\funfando loucao\project1\debug\vendasvalor.obj
c:\users\itf\desktop\projects\19112015-3\funfando loucao\project1\debug\vendasfuncionario.obj
c:\users\itf\desktop\projects\19112015-3\funfando loucao\project1\debug\vendasdata.obj
c:\users\itf\desktop\projects\19112015-3\funfando loucao\project1\debug\venda.obj
c:\users\itf\desktop\projects\19112015-3\funfando loucao\project1\debug\produto.obj
c:\users\itf\desktop\projects\19112015-3\funfando loucao\project1\debug\novoproduto.obj
c:\users\itf\desktop\projects\19112015-3\funfando loucao\project1\debug\novavenda.obj
c:\users\itf\desktop\projects\19112015-3\funfando loucao\project1\debug\myform.obj
c:\users\itf\desktop\projects\19112015-3\funfando loucao\project1\debug\listarvendas.obj
c:\users\itf\desktop\projects\19112015-3\funfando loucao\project1\debug\listarprodutos.obj
c:\users\itf\desktop\projects\19112015-3\funfando loucao\project1\debug\formprincipal.obj
c:\users\itf\desktop\projects\19112015-3\funfando loucao\project1\debug\consultarvenda.obj
c:\users\itf\desktop\projects\19112015-3\funfando loucao\project1\debug\consultarproduto.obj
c:\users\itf\desktop\projects\19112015-3\funfando loucao\project1\debug\.netframework,version=v4.5.2.assemblyattributes.obj
c:\users\itf\desktop\projects\19112015-3\funfando loucao\project1\debug\.netframework,version=v4.5.2.assemblyattributes.asm
c:\users\itf\desktop\projects\20112015\funfando loucao\project1\debug\vc140.pdb
c:\users\itf\desktop\projects\20112015\funfando loucao\project1\debug\vendasvalor.obj
c:\users\itf\desktop\projects\20112015\funfando loucao\project1\debug\vendasfuncionario.obj
c:\users\itf\desktop\projects\20112015\funfando loucao\project1\debug\vendasdata.obj
c:\users\itf\desktop\projects\20112015\funfando loucao\project1\debug\venda.obj
c:\users\itf\desktop\projects\20112015\funfando loucao\project1\debug\produto.obj
c:\users\itf\desktop\projects\20112015\funfando loucao\project1\debug\novoproduto.obj
c:\users\itf\desktop\projects\20112015\funfando loucao\project1\debug\novavenda.obj
c:\users\itf\desktop\projects\20112015\funfando loucao\project1\debug\myform.obj
c:\users\itf\desktop\projects\20112015\funfando loucao\project1\debug\listarvendas.obj
c:\users\itf\desktop\projects\20112015\funfando loucao\project1\debug\formprincipal.obj
c:\users\itf\desktop\projects\19112015-3\funfando loucao\debug\project1.exe
c:\users\itf\desktop\projects\19112015-3\funfando loucao\debug\project1.pdb
c:\users\itf\desktop\projects\20112015\funfando loucao\debug\project1.exe
c:\users\itf\desktop\projects\20112015\funfando loucao\debug\project1.pdb
c:\users\itf\desktop\projects\19112015-3\funfando loucao\project1\debug\project1.alterarproduto.resources
c:\users\itf\desktop\projects\19112015-3\funfando loucao\project1\debug\project1.consultarproduto.resources
c:\users\itf\desktop\projects\19112015-3\funfando loucao\project1\debug\project1.consultarvenda.resources
c:\users\itf\desktop\projects\19112015-3\funfando loucao\project1\debug\project1.formprincipal.resources
c:\users\itf\desktop\projects\19112015-3\funfando loucao\project1\debug\project1.listarprodutos.resources
c:\users\itf\desktop\projects\19112015-3\funfando loucao\project1\debug\project1.listarvendas.resources
c:\users\itf\desktop\projects\19112015-3\funfando loucao\project1\debug\project1.novavenda.resources
c:\users\itf\desktop\projects\19112015-3\funfando loucao\project1\debug\project1.novoproduto.resources
c:\users\itf\desktop\projects\19112015-3\funfando loucao\project1\debug\project1.venda.resources
c:\users\itf\desktop\projects\19112015-3\funfando loucao\project1\debug\project1.vendasdata.resources
c:\users\itf\desktop\projects\19112015-3\funfando loucao\project1\debug\project1.vendasfuncionario.resources
c:\users\itf\desktop\projects\19112015-3\funfando loucao\project1\debug\project1.vendasvalor.resources
c:\users\itf\desktop\projects\20112015\funfando loucao\project1\debug\project1.alterarproduto.resources
c:\users\itf\desktop\projects\20112015\funfando loucao\project1\debug\project1.consultarproduto.resources
c:\users\itf\desktop\projects\20112015\funfando loucao\project1\debug\project1.consultarvenda.resources
c:\users\itf\desktop\projects\20112015\funfando loucao\project1\debug\project1.formprincipal.resources
c:\users\itf\desktop\projects\20112015\funfando loucao\project1\debug\project1.listarprodutos.resources
c:\users\itf\desktop\projects\20112015\funfando loucao\project1\debug\project1.listarvendas.resources
c:\users\itf\desktop\projects\20112015\funfando loucao\project1\debug\project1.novavenda.resources
c:\users\itf\desktop\projects\20112015\funfando loucao\project1\debug\project1.novoproduto.resources
c:\users\itf\desktop\projects\20112015\funfando loucao\project1\debug\project1.venda.resources
c:\users\itf\desktop\projects\20112015\funfando loucao\project1\debug\project1.vendasdata.resources
c:\users\itf\desktop\projects\20112015\funfando loucao\project1\debug\project1.vendasfuncionario.resources
c:\users\itf\desktop\projects\20112015\funfando loucao\project1\debug\project1.vendasvalor.resources
c:\users\itf\desktop\projects\20112015\funfando loucao\project1\debug\project1.vcxproj.generateresource.cache
c:\users\itf\desktop\projects\20112015\funfando loucao\project1\debug\project1.vcxprojresolveassemblyreference.cache
c:\users\itf\desktop\projects\20112015\funfando loucao\project1\debug\.netframework,version=v4.5.2.assemblyattributes.obj
c:\users\itf\desktop\projects\20112015\funfando loucao\project1\debug\consultarproduto.obj
c:\users\itf\desktop\projects\20112015\funfando loucao\project1\debug\consultarvenda.obj
c:\users\itf\desktop\projects\20112015\funfando loucao\project1\debug\listarprodutos.obj
c:\users\itf\desktop\projects\20112015\funfando loucao\project1\debug\project1.tlog\cl.command.1.tlog
c:\users\itf\desktop\projects\20112015\funfando loucao\project1\debug\project1.tlog\cl.read.1.tlog
c:\users\itf\desktop\projects\20112015\funfando loucao\project1\debug\project1.tlog\cl.write.1.tlog
c:\users\itf\desktop\projects\20112015\funfando loucao\project1\debug\project1.tlog\link.command.1.tlog
c:\users\itf\desktop\projects\20112015\funfando loucao\project1\debug\project1.tlog\link.read.1.tlog
c:\users\itf\desktop\projects\20112015\funfando loucao\project1\debug\project1.tlog\link.write.1.tlog
c:\users\itf\desktop\projects\20112015\funfando loucao\project1\debug\project1.tlog\metagen.read.1.tlog
c:\users\itf\desktop\projects\20112015\funfando loucao\project1\debug\project1.tlog\metagen.write.1.tlog
c:\users\itf\desktop\projects\20112015\funfando loucao\project1\debug\project1.tlog\project1.write.1u.tlog
c:\users\itf\desktop\projects\20112015\funfando loucao\project1\debug\project1.tlog\tzres.dll.bi
